#
# There is insufficient memory for the Java Runtime Environment to continue.
# Native memory allocation (mmap) failed to map 199229440 bytes for Failed to commit area from 0x0000000742000000 to 0x000000074de00000 of length 199229440.
# Possible reasons:
#   The system is out of physical RAM or swap space
#   The process is running with CompressedOops enabled, and the Java Heap may be blocking the growth of the native heap
# Possible solutions:
#   Reduce memory load on the system
#   Increase physical memory or swap space
#   Check if swap backing store is full
#   Decrease Java heap size (-Xmx/-Xms)
#   Decrease number of Java threads
#   Decrease Java thread stack sizes (-Xss)
#   Set larger code cache with -XX:ReservedCodeCacheSize=
# This output file may be truncated or incomplete.
#
#  Out of Memory Error (t:/workspace/open/src/hotspot/os/windows/os_windows.cpp:3254), pid=892824, tid=890608
#
# JRE version:  (12.0+33) (build )
# Java VM: Java HotSpot(TM) 64-Bit Server VM (12+33, mixed mode, aot, sharing, tiered, compressed oops, g1 gc, windows-amd64)
# No core dump will be written. Minidumps are not enabled by default on client versions of Windows
#

---------------  S U M M A R Y ------------

Command Line: -Dfile.encoding=UTF-8 gui.Login_GUI

Host: Intel(R) Core(TM) i5-7200U CPU @ 2.50GHz, 4 cores, 11G,  Windows 10 , 64 bit Build 19041 (10.0.19041.1348)
Time: Fri Nov 26 23:17:33 2021 SE Asia Standard Time elapsed time: 0 seconds (0d 0h 0m 0s)

---------------  T H R E A D  ---------------

Current thread (0x000002071fd07000):  JavaThread "Unknown thread" [_thread_in_vm, id=890608, stack(0x000000106f800000,0x000000106f900000)]

Stack: [0x000000106f800000,0x000000106f900000]
Native frames: (J=compiled Java code, j=interpreted, Vv=VM code, C=native code)
V  [jvm.dll+0x63948a]
V  [jvm.dll+0x78b31f]
V  [jvm.dll+0x78c9c1]
V  [jvm.dll+0x78d013]
V  [jvm.dll+0x262138]
V  [jvm.dll+0x63698a]
V  [jvm.dll+0x62b505]
V  [jvm.dll+0x31d9bc]
V  [jvm.dll+0x31d7ef]
V  [jvm.dll+0x323526]
V  [jvm.dll+0x370f76]
V  [jvm.dll+0x370750]
V  [jvm.dll+0x2f786a]
V  [jvm.dll+0x2f8af2]
V  [jvm.dll+0x7657b7]
V  [jvm.dll+0x766e95]
V  [jvm.dll+0x37f089]
V  [jvm.dll+0x749b14]
V  [jvm.dll+0x3ee48d]
V  [jvm.dll+0x3f03c1]
C  [jli.dll+0x51cf]
C  [ucrtbase.dll+0x21bb2]
C  [KERNEL32.DLL+0x17034]
C  [ntdll.dll+0x52651]


---------------  P R O C E S S  ---------------

Threads class SMR info:
_java_thread_list=0x00007ffb125f48e8, length=0, elements={
}

Java Threads: ( => current thread )

Other Threads:
  0x000002071fd57800 GCTaskThread "GC Thread#0" [stack: 0x000000106f900000,0x000000106fa00000] [id=892296]
  0x000002071fd6b000 ConcurrentGCThread "G1 Main Marker" [stack: 0x000000106fa00000,0x000000106fb00000] [id=889252]
  0x000002071fd6e800 ConcurrentGCThread "G1 Conc#0" [stack: 0x000000106fb00000,0x000000106fc00000] [id=892268]

[error occurred during error reporting (printing all threads), id 0xc0000005, EXCEPTION_ACCESS_VIOLATION (0xc0000005) at pc=0x00007ffb11e27a37]

VM state:not at safepoint (not fully initialized)

VM Mutex/Monitor currently owned by a thread:  ([mutex/lock_event])
[0x000002071fd034e0] Heap_lock - owner thread: 0x000002071fd07000

Heap address: 0x0000000742000000, size: 3040 MB, Compressed Oops mode: Non-zero based: 0x0000000742000000
Narrow klass base: 0x0000000000000000, Narrow klass shift: 0

GC Heap History (0 events):
No events

Deoptimization events (0 events):
No events

Classes redefined (0 events):
No events

Internal exceptions (0 events):
No events

Events (0 events):
No events


Dynamic libraries:
0x00007ff7ecaf0000 - 0x00007ff7ecaff000 	D:\bin\javaw.exe
0x00007ffb58090000 - 0x00007ffb58285000 	C:\WINDOWS\SYSTEM32\ntdll.dll
0x00007ffb56a70000 - 0x00007ffb56b2e000 	C:\WINDOWS\System32\KERNEL32.DLL
0x00007ffb55c80000 - 0x00007ffb55f48000 	C:\WINDOWS\System32\KERNELBASE.dll
0x00007ffb557b0000 - 0x00007ffb558b0000 	C:\WINDOWS\System32\ucrtbase.dll
0x00007ffb4f280000 - 0x00007ffb4f298000 	D:\bin\jli.dll
0x00007ffb576b0000 - 0x00007ffb5775c000 	C:\WINDOWS\System32\ADVAPI32.dll
0x00007ffb57480000 - 0x00007ffb5751e000 	C:\WINDOWS\System32\msvcrt.dll
0x00007ffb57ae0000 - 0x00007ffb57b7b000 	C:\WINDOWS\System32\sechost.dll
0x00007ffb4f1f0000 - 0x00007ffb4f206000 	D:\bin\VCRUNTIME140.dll
0x00007ffb56140000 - 0x00007ffb5626a000 	C:\WINDOWS\System32\RPCRT4.dll
0x00007ffb562d0000 - 0x00007ffb56471000 	C:\WINDOWS\System32\USER32.dll
0x00007ffb560b0000 - 0x00007ffb560d2000 	C:\WINDOWS\System32\win32u.dll
0x00007ffb56530000 - 0x00007ffb5655b000 	C:\WINDOWS\System32\GDI32.dll
0x00007ffb463d0000 - 0x00007ffb4666a000 	C:\WINDOWS\WinSxS\amd64_microsoft.windows.common-controls_6595b64144ccf1df_6.0.19041.1110_none_60b5254171f9507e\COMCTL32.dll
0x00007ffb55ac0000 - 0x00007ffb55bcb000 	C:\WINDOWS\System32\gdi32full.dll
0x00007ffb55960000 - 0x00007ffb559fd000 	C:\WINDOWS\System32\msvcp_win.dll
0x00007ffb4d790000 - 0x00007ffb4d79a000 	C:\WINDOWS\SYSTEM32\VERSION.dll
0x00007ffb56560000 - 0x00007ffb56590000 	C:\WINDOWS\System32\IMM32.DLL
0x00007ffb1f760000 - 0x00007ffb1f80a000 	D:\bin\msvcp140.dll
0x00007ffb11b20000 - 0x00007ffb12694000 	D:\bin\server\jvm.dll
0x00007ffb57b90000 - 0x00007ffb57b98000 	C:\WINDOWS\System32\PSAPI.DLL
0x00007ffb51290000 - 0x00007ffb51299000 	C:\WINDOWS\SYSTEM32\WSOCK32.dll
0x00007ffb57a70000 - 0x00007ffb57adb000 	C:\WINDOWS\System32\WS2_32.dll
0x00007ffb31690000 - 0x00007ffb316b7000 	C:\WINDOWS\SYSTEM32\WINMM.dll
0x00007ffb54030000 - 0x00007ffb54042000 	C:\WINDOWS\SYSTEM32\kernel.appcore.dll
0x00007ffb50440000 - 0x00007ffb50451000 	D:\bin\verify.dll
0x00007ffb3d1f0000 - 0x00007ffb3d3d4000 	C:\WINDOWS\SYSTEM32\DBGHELP.DLL
0x00007ffb3cce0000 - 0x00007ffb3cd0c000 	C:\WINDOWS\SYSTEM32\dbgcore.DLL
0x00007ffb55a30000 - 0x00007ffb55ab3000 	C:\WINDOWS\System32\bcryptPrimitives.dll
0x00007ffb4f3e0000 - 0x00007ffb4f406000 	D:\bin\java.dll
0x00007ffb4f650000 - 0x00007ffb4f667000 	D:\bin\zip.dll
0x00007ffb50490000 - 0x00007ffb5049a000 	D:\bin\jimage.dll

dbghelp: loaded successfully - version: 4.0.5 - missing functions: none
symbol engine: initialized successfully - sym options: 0x614 - pdb path: .;D:\bin;C:\WINDOWS\SYSTEM32;C:\WINDOWS\WinSxS\amd64_microsoft.windows.common-controls_6595b64144ccf1df_6.0.19041.1110_none_60b5254171f9507e;D:\bin\server

VM Arguments:
jvm_args: -Dfile.encoding=UTF-8 
java_command: gui.Login_GUI
java_class_path (initial): D:\JAVA\QuanLyLuongHibernate\target\classes;D:\AbsoluteLayout-RELEASE125.jar;C:\Users\quang\.m2\repository\org\hibernate\hibernate-core\5.5.7.Final\hibernate-core-5.5.7.Final.jar;C:\Users\quang\.m2\repository\org\jboss\logging\jboss-logging\3.4.2.Final\jboss-logging-3.4.2.Final.jar;C:\Users\quang\.m2\repository\javax\persistence\javax.persistence-api\2.2\javax.persistence-api-2.2.jar;C:\Users\quang\.m2\repository\org\javassist\javassist\3.27.0-GA\javassist-3.27.0-GA.jar;C:\Users\quang\.m2\repository\net\bytebuddy\byte-buddy\1.11.12\byte-buddy-1.11.12.jar;C:\Users\quang\.m2\repository\antlr\antlr\2.7.7\antlr-2.7.7.jar;C:\Users\quang\.m2\repository\org\jboss\spec\javax\transaction\jboss-transaction-api_1.2_spec\1.1.1.Final\jboss-transaction-api_1.2_spec-1.1.1.Final.jar;C:\Users\quang\.m2\repository\org\jboss\jandex\2.2.3.Final\jandex-2.2.3.Final.jar;C:\Users\quang\.m2\repository\com\fasterxml\classmate\1.5.1\classmate-1.5.1.jar;C:\Users\quang\.m2\repository\javax\activation\javax.activation-api\1.2.0\javax.activation-api-1.2.0.jar;C:\Users\quang\.m2\repository\org\hibernate\common\hibernate-commons-annotations\5.1.2.Final\hibernate-commons-annotations-5.1.2.Final.jar;C:\Users\quang\.m2\repository\javax\xml\bind\jaxb-api\2.3.1\jaxb-api-2.3.1.jar;C:\Users\quang\.m2\repository\org\glassfish\jaxb\jaxb-runtime\2.3.1\jaxb-runtime-2.3.1.jar;C:\Users\quang\.m2\repository\org\glassfish\jaxb\txw2\2.3.1\txw2-2.3.1.jar;C:\Users\quang\.m2\repository\com\sun\istack\istack-commons-runtime\3.0.7\istack-commons-runtime-3.0.7.jar;C:\Users\quang\.m2\repository\org\jvnet\staxex\stax-ex\1.8\stax-ex-1.8.jar;C:\Users\quang\.m2\repository\com\sun\xml\fastinfoset\FastInfoset\1.2.15\FastInfoset-1.2.15.jar;C:\Users\quang\.m2\repository\com\microsoft\sqlserver\mssql-jdbc\9.4.0.jre8\mssql-jdbc-9.4.0.jre8.jar;C:\Users\quang\.m2\repository\com\toedter\jcalendar\1.4\jcalendar-1.4.jar;C:\Users\quang\.m2\repository\org\apache\poi\poi-ooxml\3.17\poi-ooxml-3.17.jar;C:\Users\
Launcher Type: SUN_STANDARD

[Global flags]
     intx CICompilerCount                          = 3                                         {product} {ergonomic}
     uint ConcGCThreads                            = 1                                         {product} {ergonomic}
     uint G1ConcRefinementThreads                  = 4                                         {product} {ergonomic}
   size_t G1HeapRegionSize                         = 1048576                                   {product} {ergonomic}
    uintx GCDrainStackTargetSize                   = 64                                        {product} {ergonomic}
   size_t InitialHeapSize                          = 199229440                                 {product} {ergonomic}
   size_t MarkStackSize                            = 4194304                                   {product} {ergonomic}
   size_t MaxHeapSize                              = 3187671040                                {product} {ergonomic}
   size_t MinHeapDeltaBytes                        = 1048576                                   {product} {ergonomic}
    uintx NonNMethodCodeHeapSize                   = 5830732                                {pd product} {ergonomic}
    uintx NonProfiledCodeHeapSize                  = 122913754                              {pd product} {ergonomic}
    uintx ProfiledCodeHeapSize                     = 122913754                              {pd product} {ergonomic}
    uintx ReservedCodeCacheSize                    = 251658240                              {pd product} {ergonomic}
     bool SegmentedCodeCache                       = true                                      {product} {ergonomic}
     bool UseCompressedClassPointers               = true                                 {lp64_product} {ergonomic}
     bool UseCompressedOops                        = true                                 {lp64_product} {ergonomic}
     bool UseG1GC                                  = true                                      {product} {ergonomic}
     bool UseLargePagesIndividualAllocation        = false                                  {pd product} {ergonomic}

Logging:
Log output configuration:
 #0: stdout all=warning uptime,level,tags
 #1: stderr all=off uptime,level,tags

Environment Variables:
PATH=D:/bin/server;D:/bin;C:\WINDOWS\system32;C:\WINDOWS;C:\WINDOWS\System32\Wbem;C:\WINDOWS\System32\WindowsPowerShell\v1.0\;C:\WINDOWS\System32\OpenSSH\;C:\Program Files\dotnet\;C:\Program Files\Microsoft SQL Server\130\Tools\Binn\;C:\Program Files\Microsoft SQL Server\Client SDK\ODBC\170\Tools\Binn\;D:\bin;C:\Program Files (x86)\Microsoft SQL Server\150\Tools\Binn\;C:\Program Files\Microsoft SQL Server\150\Tools\Binn\;C:\Program Files\Microsoft SQL Server\150\DTS\Binn\;C:\Program Files\Azure Data Studio\bin;C:\Program Files (x86)\Microsoft SQL Server\Client SDK\ODBC\130\Tools\Binn\;C:\Program Files (x86)\Microsoft SQL Server\140\Tools\Binn\;C:\Program Files (x86)\Microsoft SQL Server\140\DTS\Binn\;C:\Program Files (x86)\Microsoft SQL Server\140\Tools\Binn\ManagementStudio\;C:\Users\quang\AppData\Local\Microsoft\WindowsApps;C:\Users\quang\.dotnet\tools;C:\Program Files\Azure Data Studio\bin;C:\Users\quang\OneDrive\Máy tính;
USERNAME=quang
OS=Windows_NT
PROCESSOR_IDENTIFIER=Intel64 Family 6 Model 142 Stepping 9, GenuineIntel



---------------  S Y S T E M  ---------------

OS: Windows 10 , 64 bit Build 19041 (10.0.19041.1348)

CPU:total 4 (initial active 4) (2 cores per cpu, 2 threads per core) family 6 model 142 stepping 9, cmov, cx8, fxsr, mmx, sse, sse2, sse3, ssse3, sse4.1, sse4.2, popcnt, avx, avx2, aes, clmul, erms, 3dnowpref, lzcnt, ht, tsc, tscinvbit, bmi1, bmi2, adx, fma

Memory: 4k page, system-wide physical 12156M (544M free)
TotalPageFile size 20348M (AvailPageFile size 109M)
current process WorkingSet (physical memory assigned to process): 10M, peak: 10M
current process commit charge ("private bytes"): 52M, peak: 242M

vm_info: Java HotSpot(TM) 64-Bit Server VM (12+33) for windows-amd64 JRE (12+33), built on Feb 21 2019 02:31:50 by "mach5one" with MS VC++ 15.5 (VS2017)

END.
